
> hidden-rule@0.1.0 mobile:preview
> node scripts/mobile-preview.mjs


> hidden-rule@0.1.0 build
> tsc --noEmit && vite build

[36mvite v7.3.3 [32mbuilding client environment for production...[36m[39m
transforming...
[32m✓[39m 63 modules transformed.
rendering chunks...
computing gzip size...
[2mdist/[22m[32mindex.html                 [39m[1m[2m  0.72 kB[22m[1m[22m[2m │ gzip:  0.40 kB[22m
[2mdist/[22m[35massets/index-BQ9O5F-A.css  [39m[1m[2m  0.44 kB[22m[1m[22m[2m │ gzip:  0.31 kB[22m
[2mdist/[22m[36massets/index-CIbrHxYJ.js   [39m[1m[2m270.19 kB[22m[1m[22m[2m │ gzip: 78.88 kB[22m
[32m✓ built in 1.21s[39m

Mobile preview URL: http://10.100.102.198:4174/
QR saved to: C:\Users\asus\bmad\hidden-rule\mobile-web-qr.png
Leave this process running while testing on the phone.


> hidden-rule@0.1.0 preview
> vite preview --host 0.0.0.0 --port 4174

  [32m➜[39m  [1mLocal[22m:   [36mhttp://localhost:[1m4174[22m/[39m
  [32m➜[39m  [1mNetwork[22m: [36mhttp://10.100.102.198:[1m4174[22m/[39m
