=1 : The term '=1' is not recognized as the name of a cmdlet, function, script file, or operable program. Check the 
spelling of the name, or if a path was included, verify that the path is correct and try again.
At line:1 char:1
+ ='1'; ='1'; npm.cmd run web -- --port 8089
+ ~~~~
    + CategoryInfo          : ObjectNotFound: (=1:String) [], CommandNotFoundException
    + FullyQualifiedErrorId : CommandNotFoundException
 
=1 : The term '=1' is not recognized as the name of a cmdlet, function, script file, or operable program. Check the 
spelling of the name, or if a path was included, verify that the path is correct and try again.
At line:1 char:7
+ ='1'; ='1'; npm.cmd run web -- --port 8089
+       ~~~~
    + CategoryInfo          : ObjectNotFound: (=1:String) [], CommandNotFoundException
    + FullyQualifiedErrorId : CommandNotFoundException
 
Error while reading cache, falling back to a full crawl:
 Error: Unable to deserialize cloned data.
    at deserialize (node:v8:469:14)
    at DiskCacheManager.read (C:\Users\asus\bmad\card\node_modules\metro-file-map\src\cache\DiskCacheManager.js:60:33)
    at FileMap.read (C:\Users\asus\bmad\card\node_modules\metro-file-map\src\index.js:284:14)
    at C:\Users\asus\bmad\card\node_modules\metro-file-map\src\index.js:202:25
    at DependencyGraph.ready (C:\Users\asus\bmad\card\node_modules\metro\src\node-haste\DependencyGraph.js:88:5)
    at Bundler.ready (C:\Users\asus\bmad\card\node_modules\metro\src\Bundler.js:62:5)
    at IncrementalBundler.ready (C:\Users\asus\bmad\card\node_modules\metro\src\IncrementalBundler.js:302:5)
    at Server.ready (C:\Users\asus\bmad\card\node_modules\metro\src\Server.js:1305:5)
The following packages should be updated for best compatibility with the installed expo version:
  expo@54.0.33 - expected version: ~54.0.34
  expo-screen-orientation@9.0.8 - expected version: ~9.0.9
Your project may not work correctly until you install the expected versions of the packages.
C:\Users\asus\bmad\card\node_modules\expo\node_modules\@expo\cli\build\src\utils\errors.js:130
    throw error;
    ^

Error: write EPIPE
    at ChildProcess.target._send (node:internal/child_process:877:20)
    at ChildProcess.target.send (node:internal/child_process:751:19)
    at ChildProcessWorker.initialize (C:\Users\asus\bmad\card\node_modules\jest-worker\build\workers\ChildProcessWorker.js:169:17)
    at ChildProcessWorker._onExit (C:\Users\asus\bmad\card\node_modules\jest-worker\build\workers\ChildProcessWorker.js:334:12)
    at ChildProcess.emit (node:events:508:28)
    at Process.ChildProcess._handle.onexit (node:internal/child_process:294:12)
Emitted 'error' event on ChildProcess instance at:
    at node:internal/child_process:881:39
    at processTicksAndRejections (node:internal/process/task_queues:84:11) {
  errno: -4047,
  code: 'EPIPE',
  syscall: 'write'
}

Node.js v24.13.0
