
> salinda-game@1.0.0 web
> expo start --web --port 8093

env: load .env
env: export EXPO_PUBLIC_LOCAL_SOCKET_SERVER EXPO_PUBLIC_SERVER_URL EXPO_PUBLIC_WEB_APP_URL EXPO_PUBLIC_SUPABASE_URL EXPO_PUBLIC_SUPABASE_ANON_KEY SUPABASE_URL SUPABASE_SERVICE_ROLE_KEY
Starting project at C:\Users\asus\bmad\card
Metro is running in CI mode, reloads are disabled. Remove CI=true to enable watch mode.
Starting Metro Bundler
Web .\index.tsx ░░░░░░░░░░░░░░░░  0.0% (0/1)
Web .\index.tsx ░░░░░░░░░░░░░░░░  1.0% (1/1)
Web .\index.tsx ░░░░░░░░░░░░░░░░  1.0% (  1/107)
Web .\index.tsx ░░░░░░░░░░░░░░░░  2.3% ( 21/137)
Web .\index.tsx ▓▓▓░░░░░░░░░░░░░ 23.9% (107/219)
Web .\index.tsx ▓▓▓▓▓░░░░░░░░░░░ 35.5% (155/260)
Web .\index.tsx ▓▓▓▓▓▓▓▓░░░░░░░░ 50.2% (275/388)
Web .\index.tsx ▓▓▓▓▓▓▓▓▓░░░░░░░ 59.0% (328/432)
Web .\index.tsx ▓▓▓▓▓▓▓▓▓▓▓░░░░░ 71.3% (408/488)
Web .\index.tsx ▓▓▓▓▓▓▓▓▓▓▓░░░░░ 71.3% (418/517)
Web .\index.tsx ▓▓▓▓▓▓▓▓▓▓▓▓░░░░ 76.4% (494/569)
Web .\index.tsx ▓▓▓▓▓▓▓▓▓▓▓▓░░░░ 80.8% (521/585)
Web .\index.tsx ▓▓▓▓▓▓▓▓▓▓▓▓░░░░ 80.8% (522/585)
Web .\index.tsx ▓▓▓▓▓▓▓▓▓▓▓▓▓░░░ 84.2% (569/620)
Web .\index.tsx ▓▓▓▓▓▓▓▓▓▓▓▓▓▓▓░ 99.9% (646/646)
Web Bundled 60561ms index.tsx (646 modules)
Waiting on http://localhost:8093
Logs for your project will appear below.
 LOG  [web] Logs will appear in the browser console
Web .\index.tsx ░░░░░░░░░░░░░░░░  0.0% (0/1)
Web Bundled 1746ms index.tsx (1 module)
 LOG  [web] Logs will appear in the browser console
Web .\index.tsx ░░░░░░░░░░░░░░░░  0.0% (0/1)
Web Bundled 828ms index.tsx (1 module)
 LOG  [web] Logs will appear in the browser console
Web .\index.tsx ░░░░░░░░░░░░░░░░  0.0% (0/1)
Web Bundled 544ms index.tsx (1 module)
 LOG  [web] Logs will appear in the browser console
Web .\index.tsx ░░░░░░░░░░░░░░░░  0.0% (0/1)
Web Bundled 3135ms index.tsx (1 module)
 LOG  [web] Logs will appear in the browser console
