Error while reading cache, falling back to a full crawl:
 Error: Unable to deserialize cloned data due to invalid or unsupported version.
    at deserialize (node:v8:468:7)
    at DiskCacheManager.read (C:\Users\asus\bmad\card\node_modules\metro-file-map\src\cache\DiskCacheManager.js:60:33)
    at FileMap.read (C:\Users\asus\bmad\card\node_modules\metro-file-map\src\index.js:284:14)
    at C:\Users\asus\bmad\card\node_modules\metro-file-map\src\index.js:202:25
    at DependencyGraph.ready (C:\Users\asus\bmad\card\node_modules\metro\src\node-haste\DependencyGraph.js:88:5)
    at Bundler.ready (C:\Users\asus\bmad\card\node_modules\metro\src\Bundler.js:62:5)
    at IncrementalBundler.ready (C:\Users\asus\bmad\card\node_modules\metro\src\IncrementalBundler.js:302:5)
    at Server.ready (C:\Users\asus\bmad\card\node_modules\metro\src\Server.js:1305:5)
TypeError: fetch failed
TypeError: fetch failed
    at node:internal/deps/undici/undici:16416:13
    at fetchWithCredentials (C:\Users\asus\bmad\card\node_modules\expo\node_modules\@expo\cli\src\api\rest\client.ts:98:24)
    at cachedFetch (C:\Users\asus\bmad\card\node_modules\expo\node_modules\@expo\cli\src\api\rest\cache\wrapFetchWithCache.ts:26:24)
    at getNativeModuleVersionsAsync (C:\Users\asus\bmad\card\node_modules\expo\node_modules\@expo\cli\src\api\getNativeModuleVersions.ts:39:20)
    at getVersionedNativeModulesAsync (C:\Users\asus\bmad\card\node_modules\expo\node_modules\@expo\cli\src\start\doctor\dependencies\bundledNativeModules.ts:33:14)
    at getCombinedKnownVersionsAsync (C:\Users\asus\bmad\card\node_modules\expo\node_modules\@expo\cli\src\start\doctor\dependencies\getVersionedPackages.ts:58:7)
    at getVersionedDependenciesAsync (C:\Users\asus\bmad\card\node_modules\expo\node_modules\@expo\cli\src\start\doctor\dependencies\validateDependenciesVersions.ts:100:33)
    at validateDependenciesVersionsAsync (C:\Users\asus\bmad\card\node_modules\expo\node_modules\@expo\cli\src\start\doctor\dependencies\validateDependenciesVersions.ts:49:25)
    at startAsync (C:\Users\asus\bmad\card\node_modules\expo\node_modules\@expo\cli\src\start\startAsync.ts:110:5)
