
> salinda-game@1.0.0 web
> expo start --web --offline --port 8099

env: load .env
env: export EXPO_PUBLIC_LOCAL_SOCKET_SERVER EXPO_PUBLIC_SERVER_URL EXPO_PUBLIC_WEB_APP_URL EXPO_PUBLIC_SUPABASE_URL EXPO_PUBLIC_SUPABASE_ANON_KEY SUPABASE_URL SUPABASE_SERVICE_ROLE_KEY
Networking has been disabled
Starting project at C:\Users\asus\bmad\card
Starting Metro Bundler
Waiting on http://localhost:8099
Logs for your project will appear below.
Web .\index.tsx ░░░░░░░░░░░░░░░░  0.0% (0/1)
Web .\index.tsx ▓▓▓▓▓░░░░░░░░░░░ 32.1% (166/293)
Web .\index.tsx ▓▓▓▓▓▓▓▓▓▓░░░░░░ 66.0% (624/768)
Web Bundled 11215ms index.tsx (1021 modules)
Web .\index.tsx ▓▓▓▓▓▓▓▓▓▓▓▓▓▓▓░ 99.9% (1021/1021)
 LOG  [web] Logs will appear in the browser console
Web .\index.tsx ░░░░░░░░░░░░░░░░  0.0% (0/1)
Web Bundled 10862ms index.tsx (1 module)
Web .\index.tsx ░░░░░░░░░░░░░░░░  0.0% (0/1)
 LOG  [web] Logs will appear in the browser console
Web .\index.tsx ░░░░░░░░░░░░░░░░  0.0% (0/1)
Web Bundled 7625ms index.tsx (1 module)
Web .\index.tsx ░░░░░░░░░░░░░░░░  0.0% (0/1)
 LOG  [web] Logs will appear in the browser console
Web .\index.tsx ░░░░░░░░░░░░░░░░  0.0% (0/1)
Web Bundled 3270ms index.tsx (1 module)
 LOG  [web] Logs will appear in the browser console
Web .\index.tsx ░░░░░░░░░░░░░░░░  0.0% (0/1)
Web Bundled 2392ms index.tsx (1 module)
 LOG  [web] Logs will appear in the browser console
Web .\index.tsx ░░░░░░░░░░░░░░░░  0.0% (0/1)
Web Bundled 1816ms index.tsx (1 module)
 LOG  [web] Logs will appear in the browser console
Web .\index.tsx ░░░░░░░░░░░░░░░░  0.0% (0/1)
Web Bundled 1177ms index.tsx (1 module)
 LOG  [web] Logs will appear in the browser console
Web .\index.tsx ░░░░░░░░░░░░░░░░  0.0% (0/1)
Web Bundled 395371ms index.tsx (1 module)
Web .\index.tsx ░░░░░░░░░░░░░░░░  0.0% (0/1)
Web .\index.tsx ░░░░░░░░░░░░░░░░  0.0% (0/1)
Web Bundled 43507ms index.tsx (1 module)
Web .\index.tsx ░░░░░░░░░░░░░░░░  0.0% (0/1)
 LOG  [web] Logs will appear in the browser console
Web .\index.tsx ░░░░░░░░░░░░░░░░  0.0% (0/1)
Web Bundling failed 68113ms index.tsx (1 module)
Web .\index.tsx ░░░░░░░░░░░░░░░░  0.0% (0/1)
 ERROR  Error: Jest worker encountered 4 child process exceptions, exceeding retry limit
    at ChildProcessWorker.initialize (C:\Users\asus\bmad\card\node_modules\jest-worker\build\workers\ChildProcessWorker.js:181:21)
    at ChildProcessWorker._onExit (C:\Users\asus\bmad\card\node_modules\jest-worker\build\workers\ChildProcessWorker.js:334:12)
    at ChildProcess.emit (node:events:508:28)
