
> salinda-game@1.0.0 web
> expo start --web --port 8098

env: load .env
env: export EXPO_PUBLIC_LOCAL_SOCKET_SERVER EXPO_PUBLIC_SERVER_URL EXPO_PUBLIC_WEB_APP_URL EXPO_PUBLIC_SUPABASE_URL EXPO_PUBLIC_SUPABASE_ANON_KEY SUPABASE_URL SUPABASE_SERVICE_ROLE_KEY
Starting project at C:\Users\asus\bmad\card
Starting Metro Bundler
Web .\index.tsx ░░░░░░░░░░░░░░░░  0.0% (0/1)
Waiting on http://localhost:8098
Logs for your project will appear below.
Web .\index.tsx ░░░░░░░░░░░░░░░░  0.0% (0/1)
Web .\index.tsx ▓▓▓▓▓▓▓░░░░░░░░░ 46.3% (237/354)
Web .\index.tsx ▓▓▓▓▓▓▓▓▓▓▓░░░░░ 72.0% (458/544)
Web Bundled 10076ms index.tsx (646 modules)
Web Bundled 2084ms index.tsx (1 module)
 LOG  [web] Logs will appear in the browser console
 LOG  [web] Logs will appear in the browser console
Web .\index.tsx ░░░░░░░░░░░░░░░░  0.0% (0/1)
Web Bundled 595ms index.tsx (1 module)
 LOG  [web] Logs will appear in the browser console
Web .\index.tsx ░░░░░░░░░░░░░░░░  0.0% (0/1)
Web Bundled 358ms index.tsx (1 module)
 LOG  [web] Logs will appear in the browser console
Web .\index.tsx ░░░░░░░░░░░░░░░░  0.0% (0/1)
Web Bundled 257ms index.tsx (1 module)
 LOG  [web] Logs will appear in the browser console
Web .\index.tsx ░░░░░░░░░░░░░░░░  0.0% (0/1)
Web Bundled 273ms index.tsx (1 module)
 LOG  [web] Logs will appear in the browser console
Web .\index.tsx ░░░░░░░░░░░░░░░░  0.0% (0/1)
Web Bundled 616ms index.tsx (1 module)
 LOG  [web] Logs will appear in the browser console
Web .\index.tsx ░░░░░░░░░░░░░░░░  0.0% (0/1)
Web Bundled 1832ms index.tsx (1 module)
 LOG  [web] Logs will appear in the browser console
Web .\index.tsx ░░░░░░░░░░░░░░░░  0.0% (0/1)
Web Bundled 351ms index.tsx (1 module)
 LOG  [web] Logs will appear in the browser console
Web .\index.tsx ░░░░░░░░░░░░░░░░  0.0% (0/1)
Web Bundled 891ms index.tsx (1 module)
Web Bundled 1420ms index.tsx (1 module)
 LOG  [web] Logs will appear in the browser console
 LOG  [web] Logs will appear in the browser console
Web .\index.tsx ░░░░░░░░░░░░░░░░  0.0% (0/1)
Web Bundled 527ms index.tsx (1 module)
 LOG  [web] Logs will appear in the browser console
Web .\index.tsx ░░░░░░░░░░░░░░░░  0.0% (0/1)
Web Bundled 446ms index.tsx (1 module)
 LOG  [web] Logs will appear in the browser console
Web .\index.tsx ░░░░░░░░░░░░░░░░  0.0% (0/1)
Web .\index.tsx ░░░░░░░░░░░░░░░░  0.0% (0/1)
Web .\index.tsx ░░░░░░░░░░░░░░░░  0.0% (0/1)
Web Bundled 19139ms index.tsx (1 module)
Web .\index.tsx ░░░░░░░░░░░░░░░░  0.0% (0/1)
Web .\index.tsx ░░░░░░░░░░░░░░░░  0.0% (0/1)
Web .\index.tsx ░░░░░░░░░░░░░░░░  0.0% (0/1)
 LOG  [web] Logs will appear in the browser console
Web .\index.tsx ░░░░░░░░░░░░░░░░  0.0% (0/1)
Web Bundled 42963ms index.tsx (1 module)
Web .\index.tsx ░░░░░░░░░░░░░░░░  0.0% (0/1)
 LOG  [web] Logs will appear in the browser console
Web .\index.tsx ░░░░░░░░░░░░░░░░  0.0% (0/1)
Web Bundled 1104ms index.tsx (1 module)
Web Bundled 1868ms index.tsx (1 module)
 LOG  [web] Logs will appear in the browser console
 LOG  [web] Logs will appear in the browser console
Web .\index.tsx ░░░░░░░░░░░░░░░░  0.0% (0/1)
Web Bundled 1520ms index.tsx (1 module)
Web Bundled 667ms index.tsx (1 module)
 LOG  [web] Logs will appear in the browser console
 LOG  [web] Logs will appear in the browser console
Web .\index.tsx ░░░░░░░░░░░░░░░░  0.0% (0/1)
Web Bundled 1324ms index.tsx (1 module)
 LOG  [web] Logs will appear in the browser console
Web .\index.tsx ░░░░░░░░░░░░░░░░  0.0% (0/1)
Web Bundled 672ms index.tsx (1 module)
 LOG  [web] Logs will appear in the browser console
Web .\index.tsx ░░░░░░░░░░░░░░░░  0.0% (0/1)
Web Bundled 711ms index.tsx (1 module)
 LOG  [web] Logs will appear in the browser console
Web .\index.tsx ░░░░░░░░░░░░░░░░  0.0% (0/1)
Web Bundled 225ms index.tsx (1 module)
 LOG  [web] Logs will appear in the browser console
Web .\index.tsx ░░░░░░░░░░░░░░░░  0.0% (0/1)
Web Bundled 411ms index.tsx (1 module)
 LOG  [web] Logs will appear in the browser console
Web .\index.tsx ░░░░░░░░░░░░░░░░  0.0% (0/1)
Web Bundled 539ms index.tsx (1 module)
 LOG  [web] Logs will appear in the browser console
