
> salinda-game@1.0.0 web
> expo start --web --port 8094

env: load .env
env: export EXPO_PUBLIC_LOCAL_SOCKET_SERVER EXPO_PUBLIC_SERVER_URL EXPO_PUBLIC_WEB_APP_URL EXPO_PUBLIC_SUPABASE_URL EXPO_PUBLIC_SUPABASE_ANON_KEY SUPABASE_URL SUPABASE_SERVICE_ROLE_KEY
Starting project at C:\Users\asus\bmad\card
Starting Metro Bundler
Failed to construct transformer:  Error: Failed to start watch mode.
    at Timeout._onTimeout (C:\Users\asus\bmad\card\node_modules\metro-file-map\src\Watcher.js:161:24)
    at listOnTimeout (node:internal/timers:605:17)
    at processTimers (node:internal/timers:541:7)
TypeError: Body is unusable: Body has already been read
TypeError: Body is unusable: Body has already been read
    at consumeBody (node:internal/deps/undici/undici:6873:31)
    at _Response.json (node:internal/deps/undici/undici:6824:18)
    at getNativeModuleVersionsAsync (C:\Users\asus\bmad\card\node_modules\expo\node_modules\@expo\cli\src\api\getNativeModuleVersions.ts:47:31)
    at getVersionedNativeModulesAsync (C:\Users\asus\bmad\card\node_modules\expo\node_modules\@expo\cli\src\start\doctor\dependencies\bundledNativeModules.ts:33:14)
    at getCombinedKnownVersionsAsync (C:\Users\asus\bmad\card\node_modules\expo\node_modules\@expo\cli\src\start\doctor\dependencies\getVersionedPackages.ts:58:7)
    at getVersionedDependenciesAsync (C:\Users\asus\bmad\card\node_modules\expo\node_modules\@expo\cli\src\start\doctor\dependencies\validateDependenciesVersions.ts:100:33)
    at validateDependenciesVersionsAsync (C:\Users\asus\bmad\card\node_modules\expo\node_modules\@expo\cli\src\start\doctor\dependencies\validateDependenciesVersions.ts:49:25)
    at startAsync (C:\Users\asus\bmad\card\node_modules\expo\node_modules\@expo\cli\src\start\startAsync.ts:110:5)
