
> salinda-game@1.0.0 web
> expo start --web --port 8083

env: load .env
env: export EXPO_PUBLIC_LOCAL_SOCKET_SERVER EXPO_PUBLIC_SERVER_URL EXPO_PUBLIC_WEB_APP_URL EXPO_PUBLIC_SUPABASE_URL EXPO_PUBLIC_SUPABASE_ANON_KEY SUPABASE_URL SUPABASE_SERVICE_ROLE_KEY
Starting project at C:\Users\asus\bmad\card
Starting Metro Bundler
Waiting on http://localhost:8083
Logs for your project will appear below.
Web .\index.tsx ░░░░░░░░░░░░░░░░  0.0% (0/1)
Web .\index.tsx ░░░░░░░░░░░░░░░░  1.0% (1/1)
Web .\index.tsx ▓▓▓▓▓▓▓▓▓▓▓▓▓▓▓░ 99.7% (635/636)
Web Bundled 17731ms index.tsx (636 modules)
 LOG  [web] Logs will appear in the browser console
Web .\index.tsx ░░░░░░░░░░░░░░░░  0.0% (0/1)
Web Bundled 709ms index.tsx (1 module)
 LOG  [web] Logs will appear in the browser console
Web .\index.tsx ░░░░░░░░░░░░░░░░  0.0% (0/1)
Web Bundled 2652ms index.tsx (1 module)
 LOG  [web] Logs will appear in the browser console
Web .\index.tsx ░░░░░░░░░░░░░░░░  0.0% (0/1)
Web Bundled 849ms index.tsx (1 module)
 LOG  [web] Logs will appear in the browser console
Web .\index.tsx ░░░░░░░░░░░░░░░░  0.0% (0/1)
Web Bundled 1064ms index.tsx (1 module)
 LOG  [web] Logs will appear in the browser console
Web .\index.tsx ░░░░░░░░░░░░░░░░  0.0% (0/1)
Web Bundled 205ms index.tsx (1 module)
 LOG  [web] Logs will appear in the browser console
Web .\index.tsx ░░░░░░░░░░░░░░░░  0.0% (0/1)
Web Bundled 310ms index.tsx (1 module)
 LOG  [web] Logs will appear in the browser console
Web .\index.tsx ░░░░░░░░░░░░░░░░  0.0% (0/1)
Web Bundled 261ms index.tsx (1 module)
 LOG  [web] Logs will appear in the browser console
Web .\index.tsx ░░░░░░░░░░░░░░░░  0.0% (0/1)
Web Bundled 163ms index.tsx (1 module)
 LOG  [web] Logs will appear in the browser console
Web .\index.tsx ░░░░░░░░░░░░░░░░  0.0% (0/1)
Web Bundled 176ms index.tsx (1 module)
 LOG  [web] Logs will appear in the browser console
Web .\index.tsx ░░░░░░░░░░░░░░░░  0.0% (0/1)
Web Bundled 218ms index.tsx (1 module)
 LOG  [web] Logs will appear in the browser console
Web .\index.tsx ░░░░░░░░░░░░░░░░  0.0% (0/1)
Web Bundled 355ms index.tsx (1 module)
 LOG  [web] Logs will appear in the browser console
Web .\index.tsx ░░░░░░░░░░░░░░░░  0.0% (0/1)
Web Bundled 181ms index.tsx (1 module)
 LOG  [web] Logs will appear in the browser console
Web .\index.tsx ░░░░░░░░░░░░░░░░  0.0% (0/1)
Web Bundled 134ms index.tsx (1 module)
 LOG  [web] Logs will appear in the browser console
Web .\index.tsx ░░░░░░░░░░░░░░░░  0.0% (0/1)
Web Bundled 290ms index.tsx (1 module)
 LOG  [web] Logs will appear in the browser console
Web .\index.tsx ░░░░░░░░░░░░░░░░  0.0% (0/1)
Web Bundled 233ms index.tsx (1 module)
 LOG  [web] Logs will appear in the browser console
Web .\index.tsx ░░░░░░░░░░░░░░░░  0.0% (0/1)
Web Bundled 149ms index.tsx (1 module)
 LOG  [web] Logs will appear in the browser console
Web .\index.tsx ░░░░░░░░░░░░░░░░  0.0% (0/1)
Web Bundled 744ms index.tsx (1 module)
 LOG  [web] Logs will appear in the browser console
Web .\index.tsx ░░░░░░░░░░░░░░░░  0.0% (0/1)
Web Bundled 244ms index.tsx (1 module)
 LOG  [web] Logs will appear in the browser console
Web .\index.tsx ░░░░░░░░░░░░░░░░  0.0% (0/1)
Web Bundled 180ms index.tsx (1 module)
 LOG  [web] Logs will appear in the browser console
Web .\index.tsx ░░░░░░░░░░░░░░░░  0.0% (0/1)
Web Bundled 113ms index.tsx (1 module)
 LOG  [web] Logs will appear in the browser console
Web .\index.tsx ░░░░░░░░░░░░░░░░  0.0% (0/1)
Web Bundled 153ms index.tsx (1 module)
 LOG  [web] Logs will appear in the browser console
Web .\index.tsx ░░░░░░░░░░░░░░░░  0.0% (0/1)
Web Bundled 518ms index.tsx (1 module)
Web Bundled 1335ms index.tsx (1 module)
 LOG  [web] Logs will appear in the browser console
 LOG  [web] Logs will appear in the browser console
Web .\index.tsx ░░░░░░░░░░░░░░░░  0.0% (0/1)
Web Bundled 978ms index.tsx (1 module)
 LOG  [web] Logs will appear in the browser console
Web .\index.tsx ░░░░░░░░░░░░░░░░  0.0% (0/1)
Web Bundled 259ms index.tsx (1 module)
 LOG  [web] Logs will appear in the browser console
Web .\index.tsx ░░░░░░░░░░░░░░░░  0.0% (0/1)
Web Bundled 6180ms index.tsx (1 module)
Web .\index.tsx ░░░░░░░░░░░░░░░░  0.0% (0/1)
 LOG  [web] Logs will appear in the browser console
Web .\index.tsx ░░░░░░░░░░░░░░░░  0.0% (0/1)
Web Bundled 1119ms index.tsx (1 module)
 LOG  [web] Logs will appear in the browser console
Web .\index.tsx ░░░░░░░░░░░░░░░░  0.0% (0/1)
Web Bundled 301ms index.tsx (1 module)
Web Bundled 189ms index.tsx (1 module)
 LOG  [web] Logs will appear in the browser console
 LOG  [web] Logs will appear in the browser console
Web .\index.tsx ░░░░░░░░░░░░░░░░  0.0% (0/1)
Web Bundled 135ms index.tsx (1 module)
Web Bundled 251ms index.tsx (1 module)
 LOG  [web] Logs will appear in the browser console
 LOG  [web] Logs will appear in the browser console
Web .\index.tsx ░░░░░░░░░░░░░░░░  0.0% (0/1)
Web .\index.tsx ░░░░░░░░░░░░░░░░  0.0% (0/1)
Web .\index.tsx ░░░░░░░░░░░░░░░░  0.0% (0/1)
Web Bundled 8214ms index.tsx (1 module)
Web .\index.tsx ░░░░░░░░░░░░░░░░  0.0% (0/1)
Web .\index.tsx ░░░░░░░░░░░░░░░░  0.0% (0/1)
Web Bundled 6885ms index.tsx (1 module)
 LOG  [web] Logs will appear in the browser console
 LOG  [web] Logs will appear in the browser console
